<?xml version="1.0" encoding="UTF-8"?>
<!-- Generated by org.testng.reporters.JUnitReportReporter -->
<testsuite hostname="DESKTOP-2EIIHUC" failures="0" tests="1" name="com.actitime.qa.testcases.LogonPageTest" time="6.743" errors="0" timestamp="25 Sep 2022 16:24:49 GMT" skipped="0">
  <testcase classname="com.actitime.qa.testcases.LogonPageTest" name="loginPageLogoTest" time="6.743"/>
</testsuite> <!-- com.actitime.qa.testcases.LogonPageTest -->
