<?xml version="1.0" encoding="UTF-8"?>
<!-- Generated by org.testng.reporters.JUnitReportReporter -->
<testsuite hostname="DESKTOP-2EIIHUC" failures="0" tests="1" name="com.actitime.qa.testcases.HomePageTest" time="12.069" errors="0" timestamp="25 Sep 2022 16:24:49 GMT" skipped="0">
  <testcase classname="com.actitime.qa.testcases.HomePageTest" name="homePageLogoTest" time="12.069"/>
</testsuite> <!-- com.actitime.qa.testcases.HomePageTest -->
